2020/02/11 10:31:47.026 [W] [checksevice.go:39]  服务未运行
2020/02/11 10:31:47.170 [W] [checksevice.go:39]  服务未运行
2020/02/11 10:31:47.315 [W] [checksevice.go:39]  服务未运行
2020/02/11 10:31:47.463 [W] [checksevice.go:39]  服务未运行
2020/02/11 10:31:47.616 [W] [checksevice.go:39]  服务未运行
2020/02/11 10:31:47.769 [W] [checksevice.go:39]  服务未运行
2020/02/11 10:31:47.934 [W] [checksevice.go:39]  服务未运行
2020/02/11 10:31:48.077 [W] [checksevice.go:39]  服务未运行
2020/02/11 10:31:48.222 [W] [checksevice.go:39]  服务未运行
2020/02/11 10:31:48.372 [W] [checksevice.go:39]  服务未运行
2020/02/11 10:31:48.506 [W] [checksevice.go:39]  服务未运行
2020/02/11 10:31:48.645 [W] [checksevice.go:39]  服务未运行
2020/02/11 10:31:48.791 [W] [checksevice.go:39]  服务未运行
2020/02/11 10:31:48.953 [W] [checksevice.go:39]  服务未运行
2020/02/11 10:31:49.102 [W] [checksevice.go:39]  服务未运行
2020/02/11 10:31:49.244 [W] [checksevice.go:39]  服务未运行
2020/02/11 10:31:49.395 [W] [checksevice.go:39]  服务未运行
2020/02/11 10:31:49.536 [W] [checksevice.go:39]  服务未运行
2020/02/11 10:31:49.684 [W] [checksevice.go:39]  服务未运行
2020/02/11 10:36:14.338 [W] [checksevice.go:36]  服务未运行
2020/02/11 10:36:14.459 [W] [checksevice.go:36]  服务未运行
2020/02/11 10:36:14.579 [W] [checksevice.go:36]  服务未运行
2020/02/11 10:36:14.699 [W] [checksevice.go:36]  服务未运行
2020/02/11 10:36:14.819 [W] [checksevice.go:36]  服务未运行
2020/02/11 10:36:14.939 [W] [checksevice.go:36]  服务未运行
2020/02/11 10:36:15.060 [W] [checksevice.go:36]  服务未运行
2020/02/11 10:36:15.180 [W] [checksevice.go:36]  服务未运行
2020/02/11 10:36:15.300 [W] [checksevice.go:36]  服务未运行
2020/02/11 10:36:15.420 [W] [checksevice.go:36]  服务未运行
2020/02/11 10:36:15.540 [W] [checksevice.go:36]  服务未运行
2020/02/11 10:36:15.660 [W] [checksevice.go:36]  服务未运行
2020/02/11 10:36:15.780 [W] [checksevice.go:36]  服务未运行
2020/02/11 10:52:31.209 [W] [checksevice.go:36]  服务未运行
2020/02/11 10:52:31.368 [W] [checksevice.go:36]  服务未运行
2020/02/11 10:52:31.551 [W] [checksevice.go:36]  服务未运行
2020/02/11 10:52:31.709 [W] [checksevice.go:36]  服务未运行
2020/02/11 10:52:31.849 [W] [checksevice.go:36]  服务未运行
2020/02/11 10:52:32.001 [W] [checksevice.go:36]  服务未运行
2020/02/11 10:52:32.149 [W] [checksevice.go:36]  服务未运行
2020/02/11 10:52:32.301 [W] [checksevice.go:36]  服务未运行
2020/02/11 10:52:32.478 [W] [checksevice.go:36]  服务未运行
2020/02/11 10:52:32.617 [W] [checksevice.go:36]  服务未运行
2020/02/11 10:53:47.731 [W] [checksevice.go:36]  404 
2020/02/11 10:53:47.731 [W] [checksevice.go:37]  服务未运行
2020/02/11 10:53:47.869 [W] [checksevice.go:36]  404 
2020/02/11 10:53:47.869 [W] [checksevice.go:37]  服务未运行
2020/02/11 10:53:48.026 [W] [checksevice.go:36]  404 
2020/02/11 10:53:48.026 [W] [checksevice.go:37]  服务未运行
2020/02/11 10:53:48.177 [W] [checksevice.go:36]  404 
2020/02/11 10:53:48.177 [W] [checksevice.go:37]  服务未运行
2020/02/11 10:53:48.322 [W] [checksevice.go:36]  404 
2020/02/11 10:53:48.322 [W] [checksevice.go:37]  服务未运行
2020/02/11 10:53:48.461 [W] [checksevice.go:36]  404 
2020/02/11 10:53:48.461 [W] [checksevice.go:37]  服务未运行
2020/02/11 10:53:48.599 [W] [checksevice.go:36]  404 
2020/02/11 10:53:48.599 [W] [checksevice.go:37]  服务未运行
2020/02/11 10:53:48.740 [W] [checksevice.go:36]  404 
2020/02/11 10:53:48.740 [W] [checksevice.go:37]  服务未运行
2020/02/11 10:54:30.917 [W] [checksevice.go:37]  服务未运行,错误代码:404 
2020/02/11 10:54:31.059 [W] [checksevice.go:37]  服务未运行,错误代码:404 
2020/02/11 10:54:31.217 [W] [checksevice.go:37]  服务未运行,错误代码:404 
2020/02/11 10:54:31.359 [W] [checksevice.go:37]  服务未运行,错误代码:404 
2020/02/11 10:54:31.502 [W] [checksevice.go:37]  服务未运行,错误代码:404 
2020/02/11 10:54:31.645 [W] [checksevice.go:37]  服务未运行,错误代码:404 
2020/02/11 10:54:31.786 [W] [checksevice.go:37]  服务未运行,错误代码:404 
2020/02/11 10:54:31.929 [W] [checksevice.go:37]  服务未运行,错误代码:404 
2020/02/11 10:54:32.071 [W] [checksevice.go:37]  服务未运行,错误代码:404 
2020/02/11 11:52:32.551 [W] [checksevice.go:70]  服务未调用成功,错误代码:404 
2020/02/11 11:52:35.197 [W] [checksevice.go:70]  服务未调用成功,错误代码:404 
2020/02/11 11:54:16.375 [W] [checksevice.go:71]  服务未调用成功,错误代码:502 Bad Gateway
2020/02/11 14:19:23.776 [W] [checksevice.go:78]  服务端口检测绑定失败，正在重新检测中,第1次检测中。。。
2020/02/11 14:19:31.777 [W] [checksevice.go:78]  服务端口检测绑定失败，正在重新检测中,第2次检测中。。。
2020/02/11 14:19:39.778 [W] [checksevice.go:78]  服务端口检测绑定失败，正在重新检测中,第3次检测中。。。
2020/02/11 14:19:47.779 [W] [checksevice.go:78]  服务端口检测绑定失败，正在重新检测中,第4次检测中。。。
2020/02/11 14:19:56.710 [W] [checksevice.go:78]  服务端口检测绑定失败，正在重新检测中,第1次检测中。。。
2020/02/11 14:20:04.711 [W] [checksevice.go:78]  服务端口检测绑定失败，正在重新检测中,第2次检测中。。。
2020/02/11 14:20:12.712 [W] [checksevice.go:78]  服务端口检测绑定失败，正在重新检测中,第3次检测中。。。
2020/02/11 14:20:20.712 [W] [checksevice.go:78]  服务端口检测绑定失败，正在重新检测中,第4次检测中。。。
2020/02/11 14:25:08.217 [W] [checksevice.go:79]  服务端口检测绑定失败，正在重新检测中,第1次检测中。。。
2020/02/11 14:25:16.217 [W] [checksevice.go:79]  服务端口检测绑定失败，正在重新检测中,第-9次检测中。。。
2020/02/11 14:25:24.219 [W] [checksevice.go:79]  服务端口检测绑定失败，正在重新检测中,第-9次检测中。。。
2020/02/11 14:25:32.220 [W] [checksevice.go:79]  服务端口检测绑定失败，正在重新检测中,第-9次检测中。。。
2020/02/11 14:25:40.221 [W] [checksevice.go:79]  服务端口检测绑定失败，正在重新检测中,第-9次检测中。。。
2020/02/11 14:27:01.273 [W] [checksevice.go:79]  服务端口检测绑定失败，正在重新检测中,第1次检测中。。。
2020/02/11 14:27:09.274 [W] [checksevice.go:79]  服务端口检测绑定失败，正在重新检测中,第-9次检测中。。。
2020/02/11 14:27:17.275 [W] [checksevice.go:79]  服务端口检测绑定失败，正在重新检测中,第-9次检测中。。。
2020/02/11 14:28:09.722 [W] [checksevice.go:79]  服务端口检测绑定失败，正在重新检测中,第1次检测中。。。
2020/02/11 14:28:17.723 [W] [checksevice.go:79]  服务端口检测绑定失败，正在重新检测中,第-9次检测中。。。
2020/02/11 14:30:21.661 [W] [checksevice.go:80]  服务端口检测绑定失败，正在重新检测中,第1次检测中。。。
2020/02/11 14:30:29.663 [W] [checksevice.go:80]  服务端口检测绑定失败，正在重新检测中,第-9次检测中。。。
2020/02/11 14:30:37.664 [W] [checksevice.go:80]  服务端口检测绑定失败，正在重新检测中,第-9次检测中。。。
2020/02/11 14:31:55.550 [W] [checksevice.go:80]  服务端口检测绑定失败，正在重新检测中,第1次检测中。。。
2020/02/11 14:32:03.551 [W] [checksevice.go:80]  服务端口检测绑定失败，正在重新检测中,第-9次检测中。。。
2020/02/11 14:32:11.552 [W] [checksevice.go:80]  服务端口检测绑定失败，正在重新检测中,第-9次检测中。。。
2020/02/11 14:33:44.915 [W] [checksevice.go:79]  服务端口检测绑定失败，正在重新检测中,第1次检测中。。。
2020/02/11 14:33:52.915 [W] [checksevice.go:79]  服务端口检测绑定失败，正在重新检测中,第2次检测中。。。
2020/02/11 14:34:00.916 [W] [checksevice.go:79]  服务端口检测绑定失败，正在重新检测中,第3次检测中。。。
2020/02/11 14:34:09.769 [W] [checksevice.go:79]  服务端口检测绑定失败，正在重新检测中,第1次检测中。。。
2020/02/11 14:34:17.770 [W] [checksevice.go:79]  服务端口检测绑定失败，正在重新检测中,第-9次检测中。。。
2020/02/11 14:34:25.770 [W] [checksevice.go:79]  服务端口检测绑定失败，正在重新检测中,第-8次检测中。。。
2020/02/11 14:34:33.771 [W] [checksevice.go:79]  服务端口检测绑定失败，正在重新检测中,第-7次检测中。。。
2020/02/11 14:34:41.772 [W] [checksevice.go:79]  服务端口检测绑定失败，正在重新检测中,第-6次检测中。。。
2020/02/11 14:46:02.919 [W] [checksevice.go:79]  服务端口检测绑定失败，正在重新检测中,第1次检测中。。。
2020/02/11 14:46:10.919 [W] [checksevice.go:79]  服务端口检测绑定失败，正在重新检测中,第2次检测中。。。
2020/02/11 14:46:27.920 [W] [checksevice.go:79]  服务端口检测绑定失败，正在重新检测中,第1次检测中。。。
2020/02/11 14:46:44.925 [W] [checksevice.go:79]  服务端口检测绑定失败，正在重新检测中,第1次检测中。。。
2020/02/11 14:46:52.927 [W] [checksevice.go:79]  服务端口检测绑定失败，正在重新检测中,第2次检测中。。。
2020/02/11 14:47:00.929 [W] [checksevice.go:79]  服务端口检测绑定失败，正在重新检测中,第3次检测中。。。
2020/02/11 14:47:11.940 [W] [checksevice.go:79]  服务端口检测绑定失败，正在重新检测中,第1次检测中。。。
2020/02/11 14:47:19.941 [W] [checksevice.go:79]  服务端口检测绑定失败，正在重新检测中,第-9次检测中。。。
2020/02/11 14:47:27.942 [W] [checksevice.go:79]  服务端口检测绑定失败，正在重新检测中,第-8次检测中。。。
2020/02/11 14:47:35.943 [W] [checksevice.go:79]  服务端口检测绑定失败，正在重新检测中,第-7次检测中。。。
2020/02/11 14:47:43.945 [W] [checksevice.go:79]  服务端口检测绑定失败，正在重新检测中,第-6次检测中。。。
2020/02/11 14:47:51.947 [W] [checksevice.go:79]  服务端口检测绑定失败，正在重新检测中,第-5次检测中。。。
2020/02/11 14:47:59.948 [W] [checksevice.go:79]  服务端口检测绑定失败，正在重新检测中,第-4次检测中。。。
2020/02/11 14:48:07.949 [W] [checksevice.go:79]  服务端口检测绑定失败，正在重新检测中,第-3次检测中。。。
2020/02/11 14:48:15.951 [W] [checksevice.go:79]  服务端口检测绑定失败，正在重新检测中,第-2次检测中。。。
2020/02/11 14:48:23.953 [W] [checksevice.go:79]  服务端口检测绑定失败，正在重新检测中,第-1次检测中。。。
2020/02/11 14:48:31.955 [W] [checksevice.go:79]  服务端口检测绑定失败，正在重新检测中,第0次检测中。。。
2020/02/11 14:48:39.956 [W] [checksevice.go:79]  服务端口检测绑定失败，正在重新检测中,第1次检测中。。。
2020/02/11 14:48:47.957 [W] [checksevice.go:79]  服务端口检测绑定失败，正在重新检测中,第2次检测中。。。
2020/02/11 14:48:55.959 [W] [checksevice.go:79]  服务端口检测绑定失败，正在重新检测中,第3次检测中。。。
2020/02/11 14:49:05.932 [W] [checksevice.go:79]  服务端口检测绑定失败，正在重新检测中,第1次检测中。。。
2020/02/11 14:49:13.934 [W] [checksevice.go:79]  服务端口检测绑定失败，正在重新检测中,第-9次检测中。。。
2020/02/11 14:49:21.936 [W] [checksevice.go:79]  服务端口检测绑定失败，正在重新检测中,第-8次检测中。。。
2020/02/11 14:51:39.142 [W] [checksevice.go:79]  服务端口检测绑定异常，正在重新检测中,第1次检测中。。。
2020/02/11 14:51:47.143 [W] [checksevice.go:79]  服务端口检测绑定异常，正在重新检测中,第2次检测中。。。
2020/02/11 14:51:55.144 [W] [checksevice.go:79]  服务端口检测绑定异常，正在重新检测中,第3次检测中。。。
2020/02/11 14:52:19.247 [W] [checksevice.go:79]  服务端口检测绑定异常，正在重新检测中,第1次检测中。。。
2020/02/11 14:52:33.250 [W] [checksevice.go:79]  服务端口检测绑定异常，正在重新检测中,第1次检测中。。。
2020/02/11 14:52:41.253 [W] [checksevice.go:79]  服务端口检测绑定异常，正在重新检测中,第2次检测中。。。
2020/02/11 14:52:49.254 [W] [checksevice.go:79]  服务端口检测绑定异常，正在重新检测中,第3次检测中。。。
2020/02/11 14:53:02.067 [W] [checksevice.go:79]  服务端口检测绑定异常，正在重新检测中,第1次检测中。。。
2020/02/11 14:53:10.069 [W] [checksevice.go:79]  服务端口检测绑定异常，正在重新检测中,第-9次检测中。。。
2020/02/11 14:53:18.070 [W] [checksevice.go:79]  服务端口检测绑定异常，正在重新检测中,第-8次检测中。。。
2020/02/11 14:53:44.074 [W] [checksevice.go:79]  服务端口检测绑定异常，正在重新检测中,第1次检测中。。。
2020/02/11 14:53:52.075 [W] [checksevice.go:79]  服务端口检测绑定异常，正在重新检测中,第2次检测中。。。
2020/02/11 14:54:00.075 [W] [checksevice.go:79]  服务端口检测绑定异常，正在重新检测中,第3次检测中。。。
2020/02/11 14:54:09.140 [W] [checksevice.go:79]  服务端口检测绑定异常，正在重新检测中,第1次检测中。。。
2020/02/11 14:54:17.141 [W] [checksevice.go:79]  服务端口检测绑定异常，正在重新检测中,第-9次检测中。。。
2020/02/11 14:54:25.143 [W] [checksevice.go:79]  服务端口检测绑定异常，正在重新检测中,第-8次检测中。。。
2020/02/11 14:54:33.143 [W] [checksevice.go:79]  服务端口检测绑定异常，正在重新检测中,第-7次检测中。。。
2020/02/11 14:54:41.145 [W] [checksevice.go:79]  服务端口检测绑定异常，正在重新检测中,第-6次检测中。。。
2020/02/11 14:54:49.146 [W] [checksevice.go:79]  服务端口检测绑定异常，正在重新检测中,第-5次检测中。。。
2020/02/11 14:54:57.147 [W] [checksevice.go:79]  服务端口检测绑定异常，正在重新检测中,第-4次检测中。。。
2020/02/11 14:55:05.149 [W] [checksevice.go:79]  服务端口检测绑定异常，正在重新检测中,第-3次检测中。。。
2020/02/11 14:59:41.014 [W] [checksevice.go:79]  服务端口检测绑定异常，正在重新检测中,第1次检测中。。。
2020/02/11 14:59:58.016 [W] [checksevice.go:79]  服务端口检测绑定异常，正在重新检测中,第1次检测中。。。
2020/02/11 15:00:06.017 [W] [checksevice.go:79]  服务端口检测绑定异常，正在重新检测中,第2次检测中。。。
2020/02/11 15:00:14.018 [W] [checksevice.go:79]  服务端口检测绑定异常，正在重新检测中,第3次检测中。。。
2020/02/11 15:00:23.181 [W] [checksevice.go:79]  服务端口检测绑定异常，正在重新检测中,第1次检测中。。。
2020/02/11 15:00:31.182 [W] [checksevice.go:79]  服务端口检测绑定异常，正在重新检测中,第-9次检测中。。。
2020/02/11 15:00:39.182 [W] [checksevice.go:79]  服务端口检测绑定异常，正在重新检测中,第-8次检测中。。。
2020/02/11 15:00:47.183 [W] [checksevice.go:79]  服务端口检测绑定异常，正在重新检测中,第-7次检测中。。。
2020/02/11 15:00:55.183 [W] [checksevice.go:79]  服务端口检测绑定异常，正在重新检测中,第-6次检测中。。。
2020/02/11 15:01:03.185 [W] [checksevice.go:79]  服务端口检测绑定异常，正在重新检测中,第-5次检测中。。。
2020/02/11 15:01:11.186 [W] [checksevice.go:79]  服务端口检测绑定异常，正在重新检测中,第-4次检测中。。。
2020/02/11 15:01:19.188 [W] [checksevice.go:79]  服务端口检测绑定异常，正在重新检测中,第-3次检测中。。。
2020/02/11 15:01:27.188 [W] [checksevice.go:79]  服务端口检测绑定异常，正在重新检测中,第-2次检测中。。。
2020/02/11 15:01:35.190 [W] [checksevice.go:79]  服务端口检测绑定异常，正在重新检测中,第-1次检测中。。。
2020/02/11 15:01:43.192 [W] [checksevice.go:79]  服务端口检测绑定异常，正在重新检测中,第0次检测中。。。
2020/02/11 15:01:51.192 [W] [checksevice.go:79]  服务端口检测绑定异常，正在重新检测中,第1次检测中。。。
2020/02/11 15:01:59.193 [W] [checksevice.go:79]  服务端口检测绑定异常，正在重新检测中,第2次检测中。。。
2020/02/11 15:02:07.195 [W] [checksevice.go:79]  服务端口检测绑定异常，正在重新检测中,第3次检测中。。。
2020/02/11 15:02:17.948 [W] [checksevice.go:79]  服务端口检测绑定异常，正在重新检测中,第1次检测中。。。
2020/02/11 15:02:25.951 [W] [checksevice.go:79]  服务端口检测绑定异常，正在重新检测中,第-9次检测中。。。
2020/02/11 15:02:33.951 [W] [checksevice.go:79]  服务端口检测绑定异常，正在重新检测中,第-8次检测中。。。
2020/02/11 15:02:41.953 [W] [checksevice.go:79]  服务端口检测绑定异常，正在重新检测中,第-7次检测中。。。
2020/02/11 15:02:49.954 [W] [checksevice.go:79]  服务端口检测绑定异常，正在重新检测中,第-6次检测中。。。
2020/02/11 15:02:57.955 [W] [checksevice.go:79]  服务端口检测绑定异常，正在重新检测中,第-5次检测中。。。
2020/02/11 15:03:05.956 [W] [checksevice.go:79]  服务端口检测绑定异常，正在重新检测中,第-4次检测中。。。
2020/02/11 15:03:13.956 [W] [checksevice.go:79]  服务端口检测绑定异常，正在重新检测中,第-3次检测中。。。
2020/02/11 15:03:21.958 [W] [checksevice.go:79]  服务端口检测绑定异常，正在重新检测中,第-2次检测中。。。
2020/02/11 15:03:29.959 [W] [checksevice.go:79]  服务端口检测绑定异常，正在重新检测中,第-1次检测中。。。
2020/02/11 15:03:37.960 [W] [checksevice.go:79]  服务端口检测绑定异常，正在重新检测中,第0次检测中。。。
2020/02/11 15:03:45.961 [W] [checksevice.go:79]  服务端口检测绑定异常，正在重新检测中,第1次检测中。。。
2020/02/11 15:03:53.961 [W] [checksevice.go:79]  服务端口检测绑定异常，正在重新检测中,第2次检测中。。。
2020/02/11 15:04:19.965 [W] [checksevice.go:79]  服务端口检测绑定异常，正在重新检测中,第1次检测中。。。
2020/02/11 15:04:27.966 [W] [checksevice.go:79]  服务端口检测绑定异常，正在重新检测中,第2次检测中。。。
2020/02/11 15:04:35.967 [W] [checksevice.go:79]  服务端口检测绑定异常，正在重新检测中,第3次检测中。。。
2020/02/11 15:04:45.534 [W] [checksevice.go:79]  服务端口检测绑定异常，正在重新检测中,第1次检测中。。。
2020/02/11 15:04:53.535 [W] [checksevice.go:79]  服务端口检测绑定异常，正在重新检测中,第-9次检测中。。。
2020/02/11 15:05:01.536 [W] [checksevice.go:79]  服务端口检测绑定异常，正在重新检测中,第-8次检测中。。。
2020/02/11 15:05:09.539 [W] [checksevice.go:79]  服务端口检测绑定异常，正在重新检测中,第-7次检测中。。。
2020/02/11 15:05:17.540 [W] [checksevice.go:79]  服务端口检测绑定异常，正在重新检测中,第-6次检测中。。。
2020/02/11 15:05:25.541 [W] [checksevice.go:79]  服务端口检测绑定异常，正在重新检测中,第-5次检测中。。。
2020/02/11 15:05:33.542 [W] [checksevice.go:79]  服务端口检测绑定异常，正在重新检测中,第-4次检测中。。。
2020/02/11 15:05:41.543 [W] [checksevice.go:79]  服务端口检测绑定异常，正在重新检测中,第-3次检测中。。。
2020/02/11 15:05:49.545 [W] [checksevice.go:79]  服务端口检测绑定异常，正在重新检测中,第-2次检测中。。。
2020/02/11 15:05:57.547 [W] [checksevice.go:79]  服务端口检测绑定异常，正在重新检测中,第-1次检测中。。。
2020/02/11 15:06:05.548 [W] [checksevice.go:79]  服务端口检测绑定异常，正在重新检测中,第0次检测中。。。
2020/02/11 15:06:13.549 [W] [checksevice.go:79]  服务端口检测绑定异常，正在重新检测中,第1次检测中。。。
2020/02/11 15:06:21.549 [W] [checksevice.go:79]  服务端口检测绑定异常，正在重新检测中,第2次检测中。。。
2020/02/11 15:06:29.550 [W] [checksevice.go:79]  服务端口检测绑定异常，正在重新检测中,第3次检测中。。。
2020/02/11 15:06:38.151 [W] [checksevice.go:79]  服务端口检测绑定异常，正在重新检测中,第1次检测中。。。
2020/02/11 15:06:46.154 [W] [checksevice.go:79]  服务端口检测绑定异常，正在重新检测中,第-9次检测中。。。
2020/02/11 15:06:54.155 [W] [checksevice.go:79]  服务端口检测绑定异常，正在重新检测中,第-8次检测中。。。
2020/02/11 15:07:02.156 [W] [checksevice.go:79]  服务端口检测绑定异常，正在重新检测中,第-7次检测中。。。
2020/02/11 15:07:10.157 [W] [checksevice.go:79]  服务端口检测绑定异常，正在重新检测中,第-6次检测中。。。
2020/02/11 15:07:18.158 [W] [checksevice.go:79]  服务端口检测绑定异常，正在重新检测中,第-5次检测中。。。
2020/02/11 15:07:26.159 [W] [checksevice.go:79]  服务端口检测绑定异常，正在重新检测中,第-4次检测中。。。
2020/02/11 15:07:34.161 [W] [checksevice.go:79]  服务端口检测绑定异常，正在重新检测中,第-3次检测中。。。
2020/02/11 15:07:42.163 [W] [checksevice.go:79]  服务端口检测绑定异常，正在重新检测中,第-2次检测中。。。
2020/02/11 15:07:50.164 [W] [checksevice.go:79]  服务端口检测绑定异常，正在重新检测中,第-1次检测中。。。
2020/02/11 15:07:58.164 [W] [checksevice.go:79]  服务端口检测绑定异常，正在重新检测中,第0次检测中。。。
2020/02/11 15:08:06.165 [W] [checksevice.go:79]  服务端口检测绑定异常，正在重新检测中,第1次检测中。。。
2020/02/11 15:08:14.168 [W] [checksevice.go:79]  服务端口检测绑定异常，正在重新检测中,第2次检测中。。。
2020/02/11 15:08:22.168 [W] [checksevice.go:79]  服务端口检测绑定异常，正在重新检测中,第3次检测中。。。
2020/02/11 15:08:48.380 [W] [checksevice.go:79]  服务端口检测绑定异常，正在重新检测中,第0次检测中。。。
2020/02/11 15:08:50.004 [W] [checksevice.go:112]  服务接口检测失败，正在重新检测中,第1次检测中。。。
2020/02/11 15:08:56.382 [W] [checksevice.go:79]  服务端口检测绑定异常，正在重新检测中,第1次检测中。。。
2020/02/11 15:08:59.455 [W] [checksevice.go:112]  服务接口检测失败，正在重新检测中,第2次检测中。。。
2020/02/11 15:09:08.173 [W] [checksevice.go:112]  服务接口检测失败，正在重新检测中,第3次检测中。。。
2020/02/11 15:09:15.482 [W] [checksevice.go:121]  服务未调用成功,错误代码:404 
2020/02/11 15:11:03.927 [W] [checksevice.go:112]  服务接口检测失败，正在重新检测中,第1次检测中。。。
2020/02/11 15:11:13.202 [W] [checksevice.go:112]  服务接口检测失败，正在重新检测中,第2次检测中。。。
2020/02/11 15:11:22.211 [W] [checksevice.go:112]  服务接口检测失败，正在重新检测中,第3次检测中。。。
2020/02/11 15:11:37.083 [W] [checksevice.go:112]  服务接口检测失败，正在重新检测中,第1次检测中。。。
2020/02/11 15:11:45.157 [W] [checksevice.go:112]  服务接口检测失败，正在重新检测中,第-9次检测中。。。
2020/02/11 15:11:53.211 [W] [checksevice.go:112]  服务接口检测失败，正在重新检测中,第-8次检测中。。。
2020/02/11 15:12:02.225 [W] [checksevice.go:112]  服务接口检测失败，正在重新检测中,第-7次检测中。。。
2020/02/11 15:12:19.616 [W] [checksevice.go:112]  服务接口检测失败，正在重新检测中,第0次检测中。。。
2020/02/11 15:12:28.586 [W] [checksevice.go:112]  服务接口检测失败，正在重新检测中,第1次检测中。。。
2020/02/11 15:12:37.803 [W] [checksevice.go:112]  服务接口检测失败，正在重新检测中,第2次检测中。。。
2020/02/11 15:12:50.587 [W] [checksevice.go:112]  服务接口检测失败，正在重新检测中,第0次检测中。。。
2020/02/11 15:12:58.921 [W] [checksevice.go:112]  服务接口检测失败，正在重新检测中,第-10次检测中。。。
2020/02/11 15:13:07.974 [W] [checksevice.go:112]  服务接口检测失败，正在重新检测中,第-9次检测中。。。
2020/02/11 15:13:16.689 [W] [checksevice.go:112]  服务接口检测失败，正在重新检测中,第-8次检测中。。。
2020/02/11 15:13:25.323 [W] [checksevice.go:112]  服务接口检测失败，正在重新检测中,第-7次检测中。。。
2020/02/11 15:13:33.992 [W] [checksevice.go:112]  服务接口检测失败，正在重新检测中,第-6次检测中。。。
2020/02/11 15:13:42.989 [W] [checksevice.go:112]  服务接口检测失败，正在重新检测中,第-5次检测中。。。
2020/02/11 15:13:51.753 [W] [checksevice.go:112]  服务接口检测失败，正在重新检测中,第-4次检测中。。。
2020/02/11 15:14:00.758 [W] [checksevice.go:112]  服务接口检测失败，正在重新检测中,第-3次检测中。。。
2020/02/11 15:14:09.459 [W] [checksevice.go:112]  服务接口检测失败，正在重新检测中,第-2次检测中。。。
2020/02/11 15:14:18.037 [W] [checksevice.go:112]  服务接口检测失败，正在重新检测中,第-1次检测中。。。
2020/02/11 15:14:26.695 [W] [checksevice.go:112]  服务接口检测失败，正在重新检测中,第0次检测中。。。
2020/02/11 15:14:35.575 [W] [checksevice.go:112]  服务接口检测失败，正在重新检测中,第1次检测中。。。
2020/02/11 15:14:44.362 [W] [checksevice.go:112]  服务接口检测失败，正在重新检测中,第2次检测中。。。
2020/02/11 15:19:17.227 [W] [checksevice.go:115]  服务接口检测失败，正在重新检测中,第0次检测中。。。
2020/02/11 15:19:25.866 [W] [checksevice.go:115]  服务接口检测失败，正在重新检测中,第1次检测中。。。
2020/02/11 15:19:34.588 [W] [checksevice.go:115]  服务接口检测失败，正在重新检测中,第2次检测中。。。
2020/02/11 15:19:48.442 [W] [checksevice.go:115]  服务接口检测失败，正在重新检测中,第0次检测中。。。
2020/02/11 15:19:57.495 [W] [checksevice.go:115]  服务接口检测失败，正在重新检测中,第-10次检测中。。。
2020/02/11 15:20:30.629 [W] [checksevice.go:115]  服务接口检测失败，正在重新检测中,第0次检测中。。。
2020/02/11 15:20:38.649 [W] [checksevice.go:115]  服务接口检测失败，正在重新检测中,第1次检测中。。。
2020/02/11 15:20:47.818 [W] [checksevice.go:115]  服务接口检测失败，正在重新检测中,第2次检测中。。。
2020/02/11 15:20:59.474 [W] [checksevice.go:115]  服务接口检测失败，正在重新检测中,第0次检测中。。。
2020/02/11 15:24:41.847 [W] [checksevice.go:116]  服务接口检测失败，正在重新检测中,第0次检测中。。。
2020/02/11 15:36:43.060 [W] [checksevice.go:119]  服务接口检测失败，正在重新检测中,第0次检测中。。。
2020/02/11 15:36:51.166 [W] [checksevice.go:119]  服务接口检测失败，正在重新检测中,第1次检测中。。。
2020/02/11 15:36:59.316 [W] [checksevice.go:119]  服务接口检测失败，正在重新检测中,第2次检测中。。。
2020/02/11 15:38:05.819 [W] [checksevice.go:119]  服务接口检测失败，正在重新检测中,第1次检测中。。。
2020/02/11 15:38:13.835 [W] [checksevice.go:119]  服务接口检测失败，正在重新检测中,第2次检测中。。。
2020/02/11 15:38:21.864 [W] [checksevice.go:119]  服务接口检测失败，正在重新检测中,第3次检测中。。。
2020/02/11 15:38:45.014 [W] [checksevice.go:119]  服务接口检测失败，正在重新检测中,第1次检测中。。。
2020/02/11 15:38:53.033 [W] [checksevice.go:119]  服务接口检测失败，正在重新检测中,第2次检测中。。。
2020/02/11 15:39:01.060 [W] [checksevice.go:119]  服务接口检测失败，正在重新检测中,第3次检测中。。。
2020/02/11 15:39:15.427 [W] [checksevice.go:119]  服务接口检测失败，正在重新检测中,第1次检测中。。。
2020/02/11 15:39:23.444 [W] [checksevice.go:119]  服务接口检测失败，正在重新检测中,第2次检测中。。。
2020/02/11 15:39:31.467 [W] [checksevice.go:119]  服务接口检测失败，正在重新检测中,第3次检测中。。。
2020/02/11 15:41:20.485 [W] [checksevice.go:120]  服务接口检测失败，正在重新检测中,第1次检测中。。。
2020/02/11 15:44:43.280 [W] [checksevice.go:120]  服务接口检测失败，正在重新检测中,第1次检测中。。。
2020/02/11 15:51:25.980 [W] [checksevice.go:120]  服务接口检测失败，正在重新检测中,第1次检测中。。。
2020/02/11 15:51:34.002 [W] [checksevice.go:120]  服务接口检测失败，正在重新检测中,第2次检测中。。。
2020/02/11 15:51:42.029 [W] [checksevice.go:120]  服务接口检测失败，正在重新检测中,第3次检测中。。。
2020/02/11 15:53:27.957 [W] [checksevice.go:120]  服务接口检测失败，正在重新检测中,第1次检测中。。。
2020/02/11 15:53:36.003 [W] [checksevice.go:120]  服务接口检测失败，正在重新检测中,第2次检测中。。。
2020/02/11 15:53:44.028 [W] [checksevice.go:120]  服务接口检测失败，正在重新检测中,第3次检测中。。。
2020/02/11 16:01:46.736 [W] [checksevice.go:121]  服务接口检测失败，正在重新检测中,第1次检测中。。。
2020/02/11 16:01:54.761 [W] [checksevice.go:121]  服务接口检测失败，正在重新检测中,第2次检测中。。。
2020/02/11 16:02:02.810 [W] [checksevice.go:121]  服务接口检测失败，正在重新检测中,第3次检测中。。。
2020/02/11 16:02:14.391 [W] [checksevice.go:121]  服务接口检测失败，正在重新检测中,第1次检测中。。。
2020/02/11 16:58:22.921 [W] [checksevice.go:123]  服务接口检测失败，正在重新检测中,第1次检测中。。。
2020/02/11 16:58:30.945 [W] [checksevice.go:123]  服务接口检测失败，正在重新检测中,第2次检测中。。。
2020/02/11 16:58:38.962 [W] [checksevice.go:123]  服务接口检测失败，正在重新检测中,第3次检测中。。。
2020/02/11 17:00:27.866 [W] [checksevice.go:115]  服务已经关闭，无法连接上http://220.168.85.71:9999/wx/user/version
2020/02/11 17:02:49.605 [W] [checksevice.go:115]  服务已经关闭，无法连接上http://220.168.85.71:9999/wx/user/version
2020/02/11 17:02:53.638 [W] [checksevice.go:115]  服务已经关闭，无法连接上http://220.168.85.71:9999/wx/user/version
2020/02/11 17:02:57.657 [W] [checksevice.go:115]  服务已经关闭，无法连接上http://220.168.85.71:9999/wx/user/version
2020/02/11 17:03:01.688 [W] [checksevice.go:115]  服务已经关闭，无法连接上http://220.168.85.71:9999/wx/user/version
2020/02/11 17:03:05.709 [W] [checksevice.go:115]  服务已经关闭，无法连接上http://220.168.85.71:9999/wx/user/version
2020/02/11 17:32:04.091 [W] [checksevice.go:115]  服务已经关闭，无法连接上http://220.168.85.71:9999/wx/user/version
2020/02/11 17:32:08.117 [W] [checksevice.go:115]  服务已经关闭，无法连接上http://220.168.85.71:9999/wx/user/version
2020/02/11 17:32:12.136 [W] [checksevice.go:115]  服务已经关闭，无法连接上http://220.168.85.71:9999/wx/user/version
2020/02/11 17:32:16.158 [W] [checksevice.go:115]  服务已经关闭，无法连接上http://220.168.85.71:9999/wx/user/version
2020/02/11 17:32:20.202 [W] [checksevice.go:115]  服务已经关闭，无法连接上http://220.168.85.71:9999/wx/user/version
2020/02/11 17:32:24.225 [W] [checksevice.go:115]  服务已经关闭，无法连接上http://220.168.85.71:9999/wx/user/version
2020/02/11 17:32:28.240 [W] [checksevice.go:115]  服务已经关闭，无法连接上http://220.168.85.71:9999/wx/user/version
2020/02/11 17:43:01.703 [W] [checksevice.go:115]  服务已经关闭，无法连接上http://220.168.85.71:9999/wx/user/version
2020/02/11 17:43:08.126 [W] [checksevice.go:115]  服务已经关闭，无法连接上http://220.168.85.71:9999/wx/user/version
2020/02/11 17:43:12.767 [W] [checksevice.go:115]  服务已经关闭，无法连接上http://220.168.85.71:9999/wx/user/version
2020/02/12 15:35:06.574 [W] [checksevice.go:86]  服务端口检测绑定异常，正在重新检测中,第1次检测中。。。
2020/02/12 15:35:14.574 [W] [checksevice.go:86]  服务端口检测绑定异常，正在重新检测中,第2次检测中。。。
2020/02/12 15:35:22.578 [W] [checksevice.go:86]  服务端口检测绑定异常，正在重新检测中,第3次检测中。。。
2020/02/18 08:57:44.973 [W] [checksevice.go:95]  服务端口检测绑定异常，正在重新检测中,第1次检测中。。。
2020/02/18 08:58:16.219 [W] [checksevice.go:95]  服务端口检测绑定异常，正在重新检测中,第2次检测中。。。
2020/02/18 08:58:35.390 [W] [checksevice.go:95]  服务端口检测绑定异常，正在重新检测中,第3次检测中。。。
2020/02/18 09:11:20.832 [W] [checksevice.go:96]  服务端口检测绑定异常，正在重新检测中,第1次检测中。。。
2020/02/18 09:11:28.832 [W] [checksevice.go:96]  服务端口检测绑定异常，正在重新检测中,第2次检测中。。。
2020/02/18 09:11:36.833 [W] [checksevice.go:96]  服务端口检测绑定异常，正在重新检测中,第3次检测中。。。
2020/02/18 09:11:45.808 [W] [checksevice.go:96]  服务端口检测绑定异常，正在重新检测中,第1次检测中。。。
2020/02/18 09:11:53.809 [W] [checksevice.go:96]  服务端口检测绑定异常，正在重新检测中,第-9次检测中。。。
2020/02/18 09:12:01.810 [W] [checksevice.go:96]  服务端口检测绑定异常，正在重新检测中,第-8次检测中。。。
2020/02/18 09:12:09.810 [W] [checksevice.go:96]  服务端口检测绑定异常，正在重新检测中,第-7次检测中。。。
2020/02/18 09:12:17.810 [W] [checksevice.go:96]  服务端口检测绑定异常，正在重新检测中,第-6次检测中。。。
2020/02/18 09:12:25.810 [W] [checksevice.go:96]  服务端口检测绑定异常，正在重新检测中,第-5次检测中。。。
2020/02/18 09:12:33.810 [W] [checksevice.go:96]  服务端口检测绑定异常，正在重新检测中,第-4次检测中。。。
2020/02/18 09:12:41.810 [W] [checksevice.go:96]  服务端口检测绑定异常，正在重新检测中,第-3次检测中。。。
2020/02/18 09:12:49.810 [W] [checksevice.go:96]  服务端口检测绑定异常，正在重新检测中,第-2次检测中。。。
2020/02/18 09:12:57.811 [W] [checksevice.go:96]  服务端口检测绑定异常，正在重新检测中,第-1次检测中。。。
2020/02/18 09:13:05.811 [W] [checksevice.go:96]  服务端口检测绑定异常，正在重新检测中,第0次检测中。。。
2020/02/18 09:13:13.812 [W] [checksevice.go:96]  服务端口检测绑定异常，正在重新检测中,第1次检测中。。。
2020/02/18 09:13:21.814 [W] [checksevice.go:96]  服务端口检测绑定异常，正在重新检测中,第2次检测中。。。
2020/02/18 09:13:29.814 [W] [checksevice.go:96]  服务端口检测绑定异常，正在重新检测中,第3次检测中。。。
2020/02/18 09:13:38.760 [W] [checksevice.go:96]  服务端口检测绑定异常，正在重新检测中,第1次检测中。。。
2020/02/18 09:13:46.760 [W] [checksevice.go:96]  服务端口检测绑定异常，正在重新检测中,第-9次检测中。。。
2020/02/18 09:13:54.760 [W] [checksevice.go:96]  服务端口检测绑定异常，正在重新检测中,第-8次检测中。。。
2020/02/18 09:14:02.760 [W] [checksevice.go:96]  服务端口检测绑定异常，正在重新检测中,第-7次检测中。。。
2020/02/18 09:14:10.760 [W] [checksevice.go:96]  服务端口检测绑定异常，正在重新检测中,第-6次检测中。。。
2020/02/18 09:14:27.032 [W] [checksevice.go:96]  服务端口检测绑定异常，正在重新检测中,第1次检测中。。。
2020/02/18 09:14:35.033 [W] [checksevice.go:96]  服务端口检测绑定异常，正在重新检测中,第2次检测中。。。
2020/02/18 09:14:43.034 [W] [checksevice.go:96]  服务端口检测绑定异常，正在重新检测中,第3次检测中。。。
2020/02/18 09:14:52.297 [W] [checksevice.go:96]  服务端口检测绑定异常，正在重新检测中,第1次检测中。。。
2020/02/18 09:15:00.300 [W] [checksevice.go:96]  服务端口检测绑定异常，正在重新检测中,第-9次检测中。。。
2020/02/18 09:15:08.302 [W] [checksevice.go:96]  服务端口检测绑定异常，正在重新检测中,第-8次检测中。。。
2020/02/18 09:17:55.731 [W] [checksevice.go:97]  服务端口检测绑定异常，正在重新检测中,第1次检测中。。。
2020/02/18 09:18:21.736 [W] [checksevice.go:97]  服务端口检测绑定异常，正在重新检测中,第1次检测中。。。
2020/02/18 09:18:29.737 [W] [checksevice.go:97]  服务端口检测绑定异常，正在重新检测中,第2次检测中。。。
2020/02/18 09:18:37.739 [W] [checksevice.go:97]  服务端口检测绑定异常，正在重新检测中,第3次检测中。。。
2020/02/18 09:59:20.665 [W] [checksevice.go:97]  服务端口检测绑定异常，正在重新检测中,第1次检测中。。。
2020/02/18 10:00:00.677 [W] [checksevice.go:97]  服务端口检测绑定异常，正在重新检测中,第2次检测中。。。
2020/02/18 10:00:34.099 [W] [checksevice.go:97]  服务端口检测绑定异常，正在重新检测中,第3次检测中。。。
2020/02/18 10:01:22.844 [W] [checksevice.go:97]  服务端口检测绑定异常，正在重新检测中,第1次检测中。。。
2020/02/18 10:02:13.949 [W] [checksevice.go:97]  服务端口检测绑定异常，正在重新检测中,第-9次检测中。。。
2020/02/18 10:02:49.159 [W] [checksevice.go:97]  服务端口检测绑定异常，正在重新检测中,第-8次检测中。。。
2020/02/18 10:03:00.565 [W] [checksevice.go:97]  服务端口检测绑定异常，正在重新检测中,第-7次检测中。。。
2020/02/18 10:03:40.747 [W] [checksevice.go:97]  服务端口检测绑定异常，正在重新检测中,第-6次检测中。。。
2020/02/18 10:04:11.811 [W] [checksevice.go:97]  服务端口检测绑定异常，正在重新检测中,第-5次检测中。。。
2020/02/18 11:32:39.158 [W] [checksevice.go:101]  服务端口检测绑定异常，正在重新检测中,第1次检测中。。。
2020/02/18 11:33:35.004 [W] [checksevice.go:100]  服务端口检测绑定异常，正在重新检测中,第1次检测中。。。
2020/02/18 11:34:01.008 [W] [checksevice.go:100]  服务端口检测绑定异常，正在重新检测中,第1次检测中。。。
2020/02/18 11:34:09.010 [W] [checksevice.go:100]  服务端口检测绑定异常，正在重新检测中,第2次检测中。。。
2020/02/19 09:41:12.693 [W] [checksevice.go:103]  服务端口检测绑定异常，正在重新检测中,第1次检测中。。。
2020/02/19 09:41:20.694 [W] [checksevice.go:103]  服务端口检测绑定异常，正在重新检测中,第2次检测中。。。
2020/02/22 15:06:00.439 [W] [checksevice.go:152]  服务接口检测失败，正在重新检测中,第1次检测中。。。
2020/02/22 15:06:08.473 [W] [checksevice.go:152]  服务接口检测失败，正在重新检测中,第2次检测中。。。
2020/02/22 15:07:08.280 [W] [checksevice.go:153]  服务接口检测失败，正在重新检测中,第1次检测中。。。
2020/10/27 17:31:44.488 [W] [checksevice.go:142]  服务已经关闭，无法连接上http://220.168.85.71:9999/wx/user/version1,http://www.baidu.com
2020/10/27 17:31:49.539 [W] [checksevice.go:142]  服务已经关闭，无法连接上http://220.168.85.71:9999/wx/user/version1,http://www.baidu.com
2020/10/27 17:32:27.045 [W] [checksevice.go:142]  服务已经关闭，无法连接上http://220.168.85.71:9999/wx/user/version1 http://www.baidu.com
2020/10/27 17:32:50.096 [W] [checksevice.go:142]  服务已经关闭，无法连接上http://220.168.85.71:9999/wx/user/version1
2020/10/27 17:32:59.225 [W] [checksevice.go:142]  服务已经关闭，无法连接上http://220.168.85.71:9999/wx/user/version
2020/10/27 17:34:19.050 [W] [checksevice.go:142]  服务已经关闭，无法连接上http://WWW.BAIDU.com HTTP://163.com
2020/10/27 17:34:22.051 [W] [checksevice.go:142]  服务已经关闭，无法连接上http://WWW.BAIDU.com HTTP://163.com
2020/10/27 17:35:02.080 [W] [checksevice.go:142]  服务已经关闭，无法连接上http://WWW.BAIDU.com" "HTTP://163.com
2020/10/27 17:35:05.081 [W] [checksevice.go:142]  服务已经关闭，无法连接上http://WWW.BAIDU.com" "HTTP://163.com
2020/10/27 17:40:04.606 [W] [checksevice.go:144]  服务已经关闭，无法连接上http://WWW.BAIDU.com"
2020/10/27 17:40:04.607 [W] [checksevice.go:144]  服务已经关闭，无法连接上"HTTP://163.com
2020/10/27 17:40:07.607 [W] [checksevice.go:144]  服务已经关闭，无法连接上http://WWW.BAIDU.com"
2020/10/27 17:40:07.607 [W] [checksevice.go:144]  服务已经关闭，无法连接上"HTTP://163.com
2020/10/27 17:40:36.836 [W] [checksevice.go:157]  服务接口检测失败，正在重新检测中,第1次检测中。。。
2020/10/27 17:41:43.390 [W] [checksevice.go:157]  服务接口检测失败，正在重新检测中,第1次检测中。。。
2020/10/27 17:45:44.882 [W] [checksevice.go:153]  服务接口检测失败，正在重新检测中,第1次检测中。。。
2020/10/27 17:46:47.144 [W] [checksevice.go:152]  服务接口检测失败，正在重新检测中,第1次检测中。。。
2020/10/27 17:47:43.456 [W] [checksevice.go:152]  服务接口检测失败，正在重新检测中,第1次检测中。。。
2020/10/27 17:47:51.566 [W] [checksevice.go:152]  服务接口检测失败，正在重新检测中,第1次检测中。。。
2020/10/27 17:49:47.593 [W] [checksevice.go:152]  服务接口检测失败，正在重新检测中,第1次检测中。。。
2020/10/27 17:50:36.673 [W] [checksevice.go:152]  服务接口检测失败，正在重新检测中,第1次检测中。。。
2020/10/27 17:54:45.947 [W] [checksevice.go:151]  服务接口检测失败，正在重新检测中,第1次检测中。。。
2020/10/27 17:54:54.012 [W] [checksevice.go:151]  服务接口检测失败，正在重新检测中,第1次检测中。。。
2020/11/04 17:06:23.804 [W] [checksevice.go:141]  服务接口检测失败，正在重新检测中,第1次检测中。。。
2020/11/04 17:07:10.640 [W] [checksevice.go:141]  服务接口检测失败，正在重新检测中,第1次检测中。。。
2020/11/04 17:08:21.816 [W] [checksevice.go:141]  服务接口检测失败，正在重新检测中,第1次检测中。。。
2020/11/04 17:08:38.367 [W] [checksevice.go:141]  服务接口检测失败，正在重新检测中,第1次检测中。。。
2020/11/04 17:10:52.488 [W] [checksevice.go:141]  服务接口检测失败，正在重新检测中,第1次检测中。。。
2020/11/04 17:11:00.544 [W] [checksevice.go:141]  服务接口检测失败，正在重新检测中,第1次检测中。。。
2020/11/04 17:11:08.629 [W] [checksevice.go:141]  服务接口检测失败，正在重新检测中,第1次检测中。。。
2020/11/04 17:13:20.122 [W] [checksevice.go:143]  服务接口检测失败，正在重新检测中,第1次检测中。。。
2020/11/04 17:13:28.193 [W] [checksevice.go:143]  服务接口检测失败，正在重新检测中,第1次检测中。。。
2020/11/04 17:14:50.297 [W] [checksevice.go:143]  服务接口检测失败，正在重新检测中,第1次检测中。。。
2020/11/04 17:14:58.352 [W] [checksevice.go:143]  服务接口检测失败，正在重新检测中,第1次检测中。。。
2020/11/04 17:17:23.879 [W] [checksevice.go:142]  服务接口检测失败，正在重新检测中,第1次检测中。。。
2020/11/04 17:17:31.986 [W] [checksevice.go:142]  服务接口检测失败，正在重新检测中,第1次检测中。。。
2020/11/04 17:20:41.944 [W] [checksevice.go:142]  服务接口检测失败，正在重新检测中,第2次检测中。。。
2020/11/04 17:20:49.998 [W] [checksevice.go:142]  服务接口检测失败，正在重新检测中,第3次检测中。。。
2020/11/04 17:26:15.590 [W] [checksevice.go:140]  服务接口检测失败，正在重新检测中,第2次检测中。。。
2020/11/04 17:26:23.658 [W] [checksevice.go:140]  服务接口检测失败，正在重新检测中,第3次检测中。。。
2020/11/04 18:31:36.112 [W] [checksevice.go:140]  服务接口检测失败，正在重新检测中,第2次检测中。。。
2020/11/04 18:31:44.185 [W] [checksevice.go:140]  服务接口检测失败，正在重新检测中,第3次检测中。。。
2020/11/04 18:34:04.997 [W] [checksevice.go:140]  服务接口检测失败，正在重新检测中,第2次检测中。。。
